
================================================================================
ERROR LOGGED: 2026-05-07T02:00:58.356Z
User ID: aaron.morton@ibm.com
================================================================================
Error Name: GatewayError
Error Message: Failed to handle chat completion - HTTP 401: Unauthorized - {"error":"unauthorized","message":"Token verification failed: 'exp' claim expired at Wed, 06 May 2026 21:00:12 GMT"}



Stack Trace:
GatewayError: Failed to handle chat completion - HTTP 401: Unauthorized - {"error":"unauthorized","message":"Token verification failed: 'exp' claim expired at Wed, 06 May 2026 21:00:12 GMT"}


    at t.fromResponse (file:///Users/amorton/.nvm/versions/node/v24.15.0/lib/node_modules/bobshell/bundle/bob.js:765:8542)
    at process.processTicksAndRejections (node:internal/process/task_queues:104:5)
    at async t.createChatCompletion (file:///Users/amorton/.nvm/versions/node/v24.15.0/lib/node_modules/bobshell/bundle/bob.js:777:8820)
    at async dnt.createChatCompletionWithTokenRenewal (file:///Users/amorton/.nvm/versions/node/v24.15.0/lib/node_modules/bobshell/bundle/bob.js:2152:237)
    at async dnt.generateContentStreamInternal (file:///Users/amorton/.nvm/versions/node/v24.15.0/lib/node_modules/bobshell/bundle/bob.js:2157:52)
    at async V6.loggingStreamWrapper (file:///Users/amorton/.nvm/versions/node/v24.15.0/lib/node_modules/bobshell/bundle/bob.js:800:31296)
    at async gY.processStreamResponse (file:///Users/amorton/.nvm/versions/node/v24.15.0/lib/node_modules/bobshell/bundle/bob.js:2463:81)
    at async file:///Users/amorton/.nvm/versions/node/v24.15.0/lib/node_modules/bobshell/bundle/bob.js:2457:22044
    at async PQ.run (file:///Users/amorton/.nvm/versions/node/v24.15.0/lib/node_modules/bobshell/bundle/bob.js:2463:3153)
    at async nwe.sendMessageStream (file:///Users/amorton/.nvm/versions/node/v24.15.0/lib/node_modules/bobshell/bundle/bob.js:2796:511)
================================================================================


================================================================================
ERROR LOGGED: 2026-05-07T02:01:10.290Z
User ID: aaron.morton@ibm.com
================================================================================
Error Name: GatewayError
Error Message: Failed to handle chat completion - HTTP 401: Unauthorized - {"error":"unauthorized","message":"Token verification failed: 'exp' claim expired at Wed, 06 May 2026 21:00:12 GMT"}



Stack Trace:
GatewayError: Failed to handle chat completion - HTTP 401: Unauthorized - {"error":"unauthorized","message":"Token verification failed: 'exp' claim expired at Wed, 06 May 2026 21:00:12 GMT"}


    at t.fromResponse (file:///Users/amorton/.nvm/versions/node/v24.15.0/lib/node_modules/bobshell/bundle/bob.js:765:8542)
    at process.processTicksAndRejections (node:internal/process/task_queues:104:5)
    at async t.createChatCompletion (file:///Users/amorton/.nvm/versions/node/v24.15.0/lib/node_modules/bobshell/bundle/bob.js:777:8820)
    at async dnt.createChatCompletionWithTokenRenewal (file:///Users/amorton/.nvm/versions/node/v24.15.0/lib/node_modules/bobshell/bundle/bob.js:2152:237)
    at async dnt.generateContentStreamInternal (file:///Users/amorton/.nvm/versions/node/v24.15.0/lib/node_modules/bobshell/bundle/bob.js:2157:52)
    at async V6.loggingStreamWrapper (file:///Users/amorton/.nvm/versions/node/v24.15.0/lib/node_modules/bobshell/bundle/bob.js:800:31296)
    at async gY.processStreamResponse (file:///Users/amorton/.nvm/versions/node/v24.15.0/lib/node_modules/bobshell/bundle/bob.js:2463:81)
    at async file:///Users/amorton/.nvm/versions/node/v24.15.0/lib/node_modules/bobshell/bundle/bob.js:2457:22044
    at async PQ.run (file:///Users/amorton/.nvm/versions/node/v24.15.0/lib/node_modules/bobshell/bundle/bob.js:2463:3153)
    at async nwe.sendMessageStream (file:///Users/amorton/.nvm/versions/node/v24.15.0/lib/node_modules/bobshell/bundle/bob.js:2796:511)
================================================================================


================================================================================
ERROR LOGGED: 2026-05-07T02:01:17.108Z
User ID: aaron.morton@ibm.com
================================================================================
Error Name: GatewayError
Error Message: Failed to handle chat completion - HTTP 401: Unauthorized - {"error":"unauthorized","message":"Token verification failed: 'exp' claim expired at Wed, 06 May 2026 21:00:12 GMT"}



Stack Trace:
GatewayError: Failed to handle chat completion - HTTP 401: Unauthorized - {"error":"unauthorized","message":"Token verification failed: 'exp' claim expired at Wed, 06 May 2026 21:00:12 GMT"}


    at t.fromResponse (file:///Users/amorton/.nvm/versions/node/v24.15.0/lib/node_modules/bobshell/bundle/bob.js:765:8542)
    at process.processTicksAndRejections (node:internal/process/task_queues:104:5)
    at async t.createChatCompletion (file:///Users/amorton/.nvm/versions/node/v24.15.0/lib/node_modules/bobshell/bundle/bob.js:777:8820)
    at async dnt.createChatCompletionWithTokenRenewal (file:///Users/amorton/.nvm/versions/node/v24.15.0/lib/node_modules/bobshell/bundle/bob.js:2152:237)
    at async dnt.generateContentStreamInternal (file:///Users/amorton/.nvm/versions/node/v24.15.0/lib/node_modules/bobshell/bundle/bob.js:2157:52)
    at async V6.loggingStreamWrapper (file:///Users/amorton/.nvm/versions/node/v24.15.0/lib/node_modules/bobshell/bundle/bob.js:800:31296)
    at async gY.processStreamResponse (file:///Users/amorton/.nvm/versions/node/v24.15.0/lib/node_modules/bobshell/bundle/bob.js:2463:81)
    at async file:///Users/amorton/.nvm/versions/node/v24.15.0/lib/node_modules/bobshell/bundle/bob.js:2457:22044
    at async PQ.run (file:///Users/amorton/.nvm/versions/node/v24.15.0/lib/node_modules/bobshell/bundle/bob.js:2463:3153)
    at async nwe.sendMessageStream (file:///Users/amorton/.nvm/versions/node/v24.15.0/lib/node_modules/bobshell/bundle/bob.js:2796:511)
================================================================================


================================================================================
ERROR LOGGED: 2026-05-07T20:15:44.006Z
User ID: aaron.morton@ibm.com
================================================================================
Error Name: GatewayError
Error Message: Failed to handle chat completion - HTTP 401: Unauthorized - {"error":"unauthorized","message":"Token verification failed: 'exp' claim expired at Thu, 07 May 2026 04:12:49 GMT"}



Stack Trace:
GatewayError: Failed to handle chat completion - HTTP 401: Unauthorized - {"error":"unauthorized","message":"Token verification failed: 'exp' claim expired at Thu, 07 May 2026 04:12:49 GMT"}


    at t.fromResponse (file:///Users/amorton/.nvm/versions/node/v24.15.0/lib/node_modules/bobshell/bundle/bob.js:765:8542)
    at process.processTicksAndRejections (node:internal/process/task_queues:104:5)
    at async t.createChatCompletion (file:///Users/amorton/.nvm/versions/node/v24.15.0/lib/node_modules/bobshell/bundle/bob.js:777:8820)
    at async dnt.createChatCompletionWithTokenRenewal (file:///Users/amorton/.nvm/versions/node/v24.15.0/lib/node_modules/bobshell/bundle/bob.js:2152:237)
    at async dnt.generateContentStreamInternal (file:///Users/amorton/.nvm/versions/node/v24.15.0/lib/node_modules/bobshell/bundle/bob.js:2157:52)
    at async V6.loggingStreamWrapper (file:///Users/amorton/.nvm/versions/node/v24.15.0/lib/node_modules/bobshell/bundle/bob.js:800:31296)
    at async gY.processStreamResponse (file:///Users/amorton/.nvm/versions/node/v24.15.0/lib/node_modules/bobshell/bundle/bob.js:2463:81)
    at async file:///Users/amorton/.nvm/versions/node/v24.15.0/lib/node_modules/bobshell/bundle/bob.js:2457:22044
    at async PQ.run (file:///Users/amorton/.nvm/versions/node/v24.15.0/lib/node_modules/bobshell/bundle/bob.js:2463:3153)
    at async nwe.sendMessageStream (file:///Users/amorton/.nvm/versions/node/v24.15.0/lib/node_modules/bobshell/bundle/bob.js:2796:511)
================================================================================

